<?xml version="1.0" encoding="UTF-8"?>
<!-- Generated by org.testng.reporters.JUnitXMLReporter -->
<testsuite ignored="0" hostname="Shaurya" failures="0" tests="8" name="CRUD API Test" time="5.794" errors="0" timestamp="2026-05-25T16:24:42 IST">
  <testcase classname="RestAPITesting.CRUDOperationTest" name="createUser" time="1.756"/>
  <testcase classname="RestAPITesting.CRUDOperationTest" name="createUser" time="0.41"/>
  <testcase classname="RestAPITesting.CRUDOperationTest" name="createUser" time="0.406"/>
  <testcase classname="RestAPITesting.CRUDOperationTest" name="createUser" time="0.423"/>
  <testcase classname="RestAPITesting.CRUDOperationTest" name="createUser" time="0.411"/>
  <testcase classname="RestAPITesting.CRUDOperationTest" name="getUser" time="0.418"/>
  <testcase classname="RestAPITesting.CRUDOperationTest" name="updateUser" time="0.411"/>
  <testcase classname="RestAPITesting.CRUDOperationTest" name="deleteUser" time="0.411"/>
</testsuite> <!-- CRUD API Test -->
