<?xml version="1.0" encoding="UTF-8"?>
<!-- Generated by org.testng.reporters.JUnitXMLReporter -->
<testsuite ignored="0" hostname="Shaurya" failures="0" tests="4" name="Default test" time="83.867" errors="0" timestamp="2026-05-19T18:05:04 IST">
  <testcase classname="SeleniumMavenTestNgDay23.ParaBankMavenTestNG" name="openRegisterPage" time="3.533"/>
  <testcase classname="SeleniumMavenTestNgDay23.ParaBankMavenTestNG" name="registerUser" time="9.58"/>
  <testcase classname="SeleniumMavenTestNgDay23.ParaBankMavenTestNG" name="loginUser" time="10.669"/>
  <testcase classname="SeleniumMavenTestNgDay23.ParaBankMavenTestNG" name="transferFunds" time="23.404"/>
</testsuite> <!-- Default test -->
