<?xml version="1.0" encoding="UTF-8"?>
<!-- Generated by org.testng.reporters.JUnitReportReporter -->
<testsuite hostname="Shaurya" failures="0" tests="4" name="SeleniumMavenTestNgDay23.ParaBankMavenTestNG" time="83.808" errors="0" timestamp="2026-05-19T18:05:04 IST" skipped="0">
  <testcase classname="SeleniumMavenTestNgDay23.ParaBankMavenTestNG" name="openRegisterPage" time="13.037"/>
  <testcase classname="SeleniumMavenTestNgDay23.ParaBankMavenTestNG" name="registerUser" time="18.809"/>
  <testcase classname="SeleniumMavenTestNgDay23.ParaBankMavenTestNG" name="loginUser" time="19.901"/>
  <testcase classname="SeleniumMavenTestNgDay23.ParaBankMavenTestNG" name="transferFunds" time="32.061"/>
</testsuite> <!-- SeleniumMavenTestNgDay23.ParaBankMavenTestNG -->
