<?xml version="1.0" encoding="UTF-8"?>
<!-- Generated by org.testng.reporters.JUnitReportReporter -->
<testsuite hostname="Shaurya" failures="0" tests="4" name="SeleniumMavenTestNgDay23.LoginTest" time="71.484" errors="0" timestamp="2026-05-19T15:18:48 IST" skipped="0">
  <testcase classname="SeleniumMavenTestNgDay23.LoginTest" name="loginTest" time="10.093"/>
  <testcase classname="SeleniumMavenTestNgDay23.LoginTest" name="verifyLogin" time="8.997"/>
  <testcase classname="SeleniumMavenTestNgDay23.LoginTest" name="addToCart" time="15.354"/>
  <testcase classname="SeleniumMavenTestNgDay23.LoginTest" name="checkoutTest" time="37.040"/>
</testsuite> <!-- SeleniumMavenTestNgDay23.LoginTest -->
