<?xml version="1.0" encoding="UTF-8"?>
<!-- Generated by org.testng.reporters.JUnitXMLReporter -->
<testsuite ignored="0" hostname="Shaurya" failures="0" tests="12" name="Default test" time="11.976" errors="0" timestamp="2026-05-25T17:51:52 IST">
  <testcase classname="RestAPITesting.CRUDOperationTest" name="createUser" time="1.893"/>
  <testcase classname="RestAPITesting.CRUDOperationTest" name="createUser" time="0.444"/>
  <testcase classname="RestAPITesting.CRUDOperationTest" name="createUser" time="0.418"/>
  <testcase classname="RestAPITesting.CRUDOperationTest" name="createUser" time="0.436"/>
  <testcase classname="RestAPITesting.CRUDOperationTest" name="createUser" time="0.422"/>
  <testcase classname="RestAPITesting.CRUDOperationTest" name="getUser" time="0.457"/>
  <testcase classname="RestAPITesting.CRUDOperationTest" name="getUser" time="3.569"/>
  <testcase classname="RestAPITesting.CRUDOperationTest" name="getUser" time="1.224"/>
  <testcase classname="RestAPITesting.CRUDOperationTest" name="getUser" time="0.404"/>
  <testcase classname="RestAPITesting.CRUDOperationTest" name="getUser" time="0.431"/>
  <testcase classname="RestAPITesting.CRUDOperationTest" name="updateUser" time="0.47"/>
  <testcase classname="RestAPITesting.CRUDOperationTest" name="deleteUser" time="0.43"/>
</testsuite> <!-- Default test -->
